2021-08-30 01:00:14.1376|INFO|CityInfoApi.Program|Initializing application...
2021-08-30 01:00:29.4300|INFO|Microsoft.Hosting.Lifetime|Application started. Press Ctrl+C to shut down.
2021-08-30 01:00:29.4300|INFO|Microsoft.Hosting.Lifetime|Hosting environment: Development
2021-08-30 01:00:29.4402|INFO|Microsoft.Hosting.Lifetime|Content root path: C:\Users\Infinity Mesh\Desktop\CityInfo\CityInfoApi
2021-08-30 01:00:29.4667|WARN|Microsoft.AspNetCore.HttpsPolicy.HttpsRedirectionMiddleware|Failed to determine the https port for redirect.
2021-08-30 01:06:37.2951|INFO|CityInfoApi.Program|Initializing application...
2021-08-30 01:06:49.2776|INFO|Microsoft.Hosting.Lifetime|Application started. Press Ctrl+C to shut down.
2021-08-30 01:06:49.2806|INFO|Microsoft.Hosting.Lifetime|Hosting environment: Development
2021-08-30 01:06:49.2806|INFO|Microsoft.Hosting.Lifetime|Content root path: C:\Users\Infinity Mesh\Desktop\CityInfo\CityInfoApi
2021-08-30 01:06:49.3086|WARN|Microsoft.AspNetCore.HttpsPolicy.HttpsRedirectionMiddleware|Failed to determine the https port for redirect.
2021-08-30 01:21:36.0217|INFO|CityInfoApi.Program|Initializing application...
2021-08-30 01:21:48.1053|INFO|Microsoft.Hosting.Lifetime|Application started. Press Ctrl+C to shut down.
2021-08-30 01:21:48.1120|INFO|Microsoft.Hosting.Lifetime|Hosting environment: Development
2021-08-30 01:21:48.1120|INFO|Microsoft.Hosting.Lifetime|Content root path: C:\Users\Infinity Mesh\Desktop\CityInfo\CityInfoApi
2021-08-30 01:21:48.1373|WARN|Microsoft.AspNetCore.HttpsPolicy.HttpsRedirectionMiddleware|Failed to determine the https port for redirect.
2021-08-30 01:21:50.0733|INFO|CityInfoApi.Controllers.PointOfIntrestController|City with id 10 wasn't found when accessing points of interest.
2021-08-30 01:33:49.5113|INFO|CityInfoApi.Program|Initializing application...
2021-08-30 01:34:01.7281|INFO|Microsoft.Hosting.Lifetime|Application started. Press Ctrl+C to shut down.
2021-08-30 01:34:01.7334|INFO|Microsoft.Hosting.Lifetime|Hosting environment: Development
2021-08-30 01:34:01.7334|INFO|Microsoft.Hosting.Lifetime|Content root path: C:\Users\Infinity Mesh\Desktop\CityInfo\CityInfoApi
2021-08-30 01:34:01.7552|WARN|Microsoft.AspNetCore.HttpsPolicy.HttpsRedirectionMiddleware|Failed to determine the https port for redirect.
2021-08-30 01:37:59.0456|INFO|CityInfoApi.Program|Initializing application...
2021-08-30 01:38:11.2314|INFO|Microsoft.Hosting.Lifetime|Application started. Press Ctrl+C to shut down.
2021-08-30 01:38:11.2369|INFO|Microsoft.Hosting.Lifetime|Hosting environment: Development
2021-08-30 01:38:11.2369|INFO|Microsoft.Hosting.Lifetime|Content root path: C:\Users\Infinity Mesh\Desktop\CityInfo\CityInfoApi
2021-08-30 01:38:11.2652|WARN|Microsoft.AspNetCore.HttpsPolicy.HttpsRedirectionMiddleware|Failed to determine the https port for redirect.
2021-08-30 01:41:54.7086|INFO|CityInfoApi.Program|Initializing application...
2021-08-30 01:42:07.0729|INFO|Microsoft.Hosting.Lifetime|Application started. Press Ctrl+C to shut down.
2021-08-30 01:42:07.0764|INFO|Microsoft.Hosting.Lifetime|Hosting environment: Development
2021-08-30 01:42:07.0764|INFO|Microsoft.Hosting.Lifetime|Content root path: C:\Users\Infinity Mesh\Desktop\CityInfo\CityInfoApi
2021-08-30 01:42:07.0980|WARN|Microsoft.AspNetCore.HttpsPolicy.HttpsRedirectionMiddleware|Failed to determine the https port for redirect.
2021-08-30 06:51:28.2084|INFO|CityInfoApi.Program|Initializing application...
2021-08-30 06:51:40.8935|INFO|Microsoft.Hosting.Lifetime|Application started. Press Ctrl+C to shut down.
2021-08-30 06:51:40.8935|INFO|Microsoft.Hosting.Lifetime|Hosting environment: Development
2021-08-30 06:51:40.8935|INFO|Microsoft.Hosting.Lifetime|Content root path: C:\Users\Infinity Mesh\Desktop\CityInfo\CityInfoApi
2021-08-30 06:51:40.9266|WARN|Microsoft.AspNetCore.HttpsPolicy.HttpsRedirectionMiddleware|Failed to determine the https port for redirect.
2021-08-30 07:08:21.8638|INFO|CityInfoApi.Program|Initializing application...
2021-08-30 07:08:34.0741|INFO|Microsoft.Hosting.Lifetime|Application started. Press Ctrl+C to shut down.
2021-08-30 07:08:34.0771|INFO|Microsoft.Hosting.Lifetime|Hosting environment: Development
2021-08-30 07:08:34.0771|INFO|Microsoft.Hosting.Lifetime|Content root path: C:\Users\Infinity Mesh\Desktop\CityInfo\CityInfoApi
2021-08-30 07:08:34.0972|WARN|Microsoft.AspNetCore.HttpsPolicy.HttpsRedirectionMiddleware|Failed to determine the https port for redirect.
2021-08-30 07:09:45.4787|INFO|CityInfoApi.Program|Initializing application...
2021-08-30 07:17:25.4400|INFO|CityInfoApi.Program|Initializing application...
2021-08-30 07:17:37.7572|INFO|Microsoft.Hosting.Lifetime|Application started. Press Ctrl+C to shut down.
2021-08-30 07:17:37.7572|INFO|Microsoft.Hosting.Lifetime|Hosting environment: Development
2021-08-30 07:17:37.7658|INFO|Microsoft.Hosting.Lifetime|Content root path: C:\Users\Infinity Mesh\Desktop\CityInfo\CityInfoApi
2021-08-30 07:17:37.7913|WARN|Microsoft.AspNetCore.HttpsPolicy.HttpsRedirectionMiddleware|Failed to determine the https port for redirect.
